<?xml version="1.0" encoding="UTF-8"?>
<!-- Generated by org.testng.reporters.JUnitXMLReporter -->
<testsuite ignored="0" hostname="DESKTOP-LVTVGOH" failures="0" tests="4" name="Test" time="24.837" errors="0" timestamp="2024-03-26T22:21:22 IST">
  <testcase classname="test.ProjectsTest" name="verifyProjectsCreation" time="3.722"/>
  <testcase classname="test.ProjectsTest" name="verifySearchProjects" time="2.396"/>
  <testcase classname="test.ProjectsTest" name="verifyEditProjects" time="3.221"/>
  <testcase classname="test.ProjectsTest" name="verifyDeletecProjects" time="2.606"/>
</testsuite> <!-- Test -->
