<?xml version="1.0" encoding="UTF-8"?>
<!-- Generated by org.testng.reporters.JUnitXMLReporter -->
<testsuite ignored="0" hostname="DESKTOP-LVTVGOH" failures="0" tests="9" name="Test2" time="82.949" errors="0" timestamp="2024-03-20T19:05:36 IST">
  <testcase classname="test.LoginTest" name="verifyLogin" time="1.205"/>
  <testcase classname="test.NotesTest" name="verifyNotesCreation" time="3.954"/>
  <testcase classname="test.ProjectsTest" name="verifyProjectsCreation" time="2.01"/>
  <testcase classname="test.NotesTest" name="verifySearchNote" time="1.864"/>
  <testcase classname="test.ProjectsTest" name="verifySearchProjects" time="3.644"/>
  <testcase classname="test.ProjectsTest" name="verifyEditProjects" time="3.895"/>
  <testcase classname="test.NotesTest" name="verifyEditedNote" time="3.947"/>
  <testcase classname="test.NotesTest" name="verifyDeleteNote" time="28.168"/>
  <testcase classname="test.ProjectsTest" name="verifyDeletecProjects" time="3.138"/>
</testsuite> <!-- Test2 -->
