<?xml version="1.0" encoding="UTF-8"?>
<!-- Generated by org.testng.reporters.JUnitXMLReporter -->
<testsuite ignored="0" hostname="DESKTOP-LVTVGOH" failures="0" tests="11" name="Test" time="135.8" errors="0" timestamp="2024-03-27T19:36:30 IST">
  <testcase classname="test.LoginTest" name="verifyLogin" time="1.944"/>
  <testcase classname="test.NotesTest" name="verifyNotesCreation" time="3.876"/>
  <testcase classname="test.NotesTest" name="verifySearchNote" time="3.098"/>
  <testcase classname="test.NotesTest" name="verifyEditedNote" time="5.498"/>
  <testcase classname="test.NotesTest" name="verifyDeleteNote" time="8.093"/>
  <testcase classname="test.ProjectsTest" name="verifyProjectsCreation" time="4.795"/>
  <testcase classname="test.ProjectsTest" name="verifySearchProjects" time="3.608"/>
  <testcase classname="test.ProjectsTest" name="verifyEditProjects" time="5.098"/>
  <testcase classname="test.ProjectsTest" name="verifyDeletecProjects" time="8.445"/>
  <testcase classname="test.ClientsTest" name="verifyAddClients" time="10.273"/>
  <testcase classname="test.ClientsTest" name="verifySearchClient" time="2.799"/>
</testsuite> <!-- Test -->
