<?xml version="1.0" encoding="UTF-8"?>
<testng-results ignored="3" total="4" passed="1" failed="0" skipped="0">
  <reporter-output>
  </reporter-output>
  <suite started-at="2024-03-26T20:55:00 IST" name="Default suite" finished-at="2024-03-26T20:55:05 IST" duration-ms="5644">
    <groups>
      <group name="regression">
        <method signature="NotesTest.verifySearchNote()[pri:2, instance:test.NotesTest@481a996b]" name="verifySearchNote" class="test.NotesTest"/>
      </group> <!-- regression -->
    </groups>
    <test started-at="2024-03-26T20:55:00 IST" name="Default test" finished-at="2024-03-26T20:55:05 IST" duration-ms="5644">
      <class name="test.NotesTest">
        <test-method is-config="true" signature="beforeMethod(java.lang.String)[pri:0, instance:test.NotesTest@481a996b]" started-at="2024-03-26T20:55:00 IST" name="beforeMethod" finished-at="2024-03-26T20:55:03 IST" duration-ms="3043" status="PASS">
          <params>
            <param index="0">
              <value>
                <![CDATA[chrome]]>
              </value>
            </param>
          </params>
          <reporter-output>
          </reporter-output>
        </test-method> <!-- beforeMethod -->
        <test-method signature="verifySearchNote()[pri:2, instance:test.NotesTest@481a996b]" started-at="2024-03-26T20:55:03 IST" name="verifySearchNote" finished-at="2024-03-26T20:55:05 IST" duration-ms="2402" status="PASS">
          <reporter-output>
          </reporter-output>
        </test-method> <!-- verifySearchNote -->
        <test-method is-config="true" signature="afterMethod(org.testng.ITestResult)[pri:0, instance:test.NotesTest@481a996b]" started-at="2024-03-26T20:55:05 IST" name="afterMethod" finished-at="2024-03-26T20:55:05 IST" duration-ms="172" status="PASS">
          <params>
            <param index="0">
              <value>
                <![CDATA[[TestResult name=verifySearchNote status=SUCCESS method=NotesTest.verifySearchNote()[pri:2, instance:test.NotesTest@481a996b] output={null}]]]>
              </value>
            </param>
          </params>
          <reporter-output>
          </reporter-output>
        </test-method> <!-- afterMethod -->
      </class> <!-- test.NotesTest -->
    </test> <!-- Default test -->
  </suite> <!-- Default suite -->
</testng-results>
