<?xml version="1.0" encoding="UTF-8"?>
<testng-results ignored="3" total="4" passed="1" failed="0" skipped="0">
  <reporter-output>
  </reporter-output>
  <suite started-at="2024-03-26T21:59:10 IST" name="Default suite" finished-at="2024-03-26T21:59:19 IST" duration-ms="8947">
    <groups>
      <group name="regression">
        <method signature="ProjectsTest.verifySearchProjects()[pri:2, instance:test.ProjectsTest@1ddf84b8]" name="verifySearchProjects" class="test.ProjectsTest"/>
      </group> <!-- regression -->
    </groups>
    <test started-at="2024-03-26T21:59:10 IST" name="Default test" finished-at="2024-03-26T21:59:19 IST" duration-ms="8947">
      <class name="test.ProjectsTest">
        <test-method is-config="true" signature="beforeMethod(java.lang.String)[pri:0, instance:test.ProjectsTest@1ddf84b8]" started-at="2024-03-26T21:59:10 IST" name="beforeMethod" finished-at="2024-03-26T21:59:13 IST" duration-ms="3167" status="PASS">
          <params>
            <param index="0">
              <value>
                <![CDATA[chrome]]>
              </value>
            </param>
          </params>
          <reporter-output>
          </reporter-output>
        </test-method> <!-- beforeMethod -->
        <test-method signature="verifySearchProjects()[pri:2, instance:test.ProjectsTest@1ddf84b8]" started-at="2024-03-26T21:59:13 IST" name="verifySearchProjects" finished-at="2024-03-26T21:59:18 IST" duration-ms="5504" status="PASS">
          <reporter-output>
          </reporter-output>
        </test-method> <!-- verifySearchProjects -->
        <test-method is-config="true" signature="afterMethod(org.testng.ITestResult)[pri:0, instance:test.ProjectsTest@1ddf84b8]" started-at="2024-03-26T21:59:18 IST" name="afterMethod" finished-at="2024-03-26T21:59:19 IST" duration-ms="235" status="PASS">
          <params>
            <param index="0">
              <value>
                <![CDATA[[TestResult name=verifySearchProjects status=SUCCESS method=ProjectsTest.verifySearchProjects()[pri:2, instance:test.ProjectsTest@1ddf84b8] output={null}]]]>
              </value>
            </param>
          </params>
          <reporter-output>
          </reporter-output>
        </test-method> <!-- afterMethod -->
      </class> <!-- test.ProjectsTest -->
    </test> <!-- Default test -->
  </suite> <!-- Default suite -->
</testng-results>
