<?xml version="1.0" encoding="UTF-8"?>
<!-- Generated by org.testng.reporters.JUnitXMLReporter -->
<testsuite ignored="3" hostname="DESKTOP-LVTVGOH" failures="0" tests="1" name="Default test" time="8.947" errors="0" timestamp="2024-03-26T21:59:19 IST">
  <testcase classname="test.ProjectsTest" name="verifySearchProjects" time="5.504"/>
  <testcase classname="test.ProjectsTest" name="verifyProjectsCreation" time="0.0">
    <ignored/>
  </testcase> <!-- verifyProjectsCreation -->
  <testcase classname="test.ProjectsTest" name="verifyDeletecProjects" time="0.0">
    <ignored/>
  </testcase> <!-- verifyDeletecProjects -->
  <testcase classname="test.ProjectsTest" name="verifyEditProjects" time="0.0">
    <ignored/>
  </testcase> <!-- verifyEditProjects -->
</testsuite> <!-- Default test -->
