<?xml version="1.0" encoding="UTF-8"?>
<!-- Generated by org.testng.reporters.JUnitXMLReporter -->
<testsuite ignored="3" hostname="DESKTOP-LVTVGOH" failures="0" tests="1" name="Default test" time="5.644" errors="0" timestamp="2024-03-26T20:55:05 IST">
  <testcase classname="test.NotesTest" name="verifySearchNote" time="2.402"/>
  <testcase classname="test.NotesTest" name="verifyEditedNote" time="0.0">
    <ignored/>
  </testcase> <!-- verifyEditedNote -->
  <testcase classname="test.NotesTest" name="verifyDeleteNote" time="0.0">
    <ignored/>
  </testcase> <!-- verifyDeleteNote -->
  <testcase classname="test.NotesTest" name="verifyNotesCreation" time="0.0">
    <ignored/>
  </testcase> <!-- verifyNotesCreation -->
</testsuite> <!-- Default test -->
